#
# There is insufficient memory for the Java Runtime Environment to continue.
# Native memory allocation (malloc) failed to allocate 1814400 bytes for Chunk::new
# Possible reasons:
#   The system is out of physical RAM or swap space
#   The process is running with CompressedOops enabled, and the Java Heap may be blocking the growth of the native heap
# Possible solutions:
#   Reduce memory load on the system
#   Increase physical memory or swap space
#   Check if swap backing store is full
#   Decrease Java heap size (-Xmx/-Xms)
#   Decrease number of Java threads
#   Decrease Java thread stack sizes (-Xss)
#   Set larger code cache with -XX:ReservedCodeCacheSize=
#   JVM is running with Zero Based Compressed Oops mode in which the Java heap is
#     placed in the first 32GB address space. The Java Heap base address is the
#     maximum limit for the native heap growth. Please use -XX:HeapBaseMinAddress
#     to set the Java Heap base and to place the Java Heap above 32GB virtual address.
# This output file may be truncated or incomplete.
#
#  Out of Memory Error (arena.cpp:195), pid=76056, tid=80324
#
# JRE version: OpenJDK Runtime Environment (16.0.2+7) (build 16.0.2+7-67)
# Java VM: OpenJDK 64-Bit Server VM (16.0.2+7-67, mixed mode, sharing, tiered, compressed oops, compressed class ptrs, g1 gc, windows-amd64)
# No core dump will be written. Minidumps are not enabled by default on client versions of Windows
#

---------------  S U M M A R Y ------------

Command Line: C:\Users\willi\AppData\Roaming\Mindustry\be_builds\client-be-22825.jar

Host: Intel(R) Core(TM) i7-8750H CPU @ 2.20GHz, 12 cores, 31G,  Windows 10 , 64 bit Build 19041 (10.0.19041.1806)
Time: Sat Aug 27 20:48:51 2022 AUS Eastern Standard Time elapsed time: 38.698175 seconds (0d 0h 0m 38s)

---------------  T H R E A D  ---------------

Current thread (0x0000021d2f6261a0):  JavaThread "C2 CompilerThread1" daemon [_thread_in_native, id=80324, stack(0x000000ac00f00000,0x000000ac01000000)]


Current CompileTask:
C2:  38698 5734       4       arc.scene.ui.layout.Cell$$Lambda$2062/0x0000000801271570::run (12 bytes)

Stack: [0x000000ac00f00000,0x000000ac01000000]
Native frames: (J=compiled Java code, j=interpreted, Vv=VM code, C=native code)
V  [jvm.dll+0x6681ca]
V  [jvm.dll+0x7c9e69]
V  [jvm.dll+0x7cb61e]
V  [jvm.dll+0x7cbc73]
V  [jvm.dll+0x242c55]
V  [jvm.dll+0xadeba]
V  [jvm.dll+0xae45c]
V  [jvm.dll+0x35a8d7]
V  [jvm.dll+0x1b9aca]
V  [jvm.dll+0x215e16]
V  [jvm.dll+0x215100]
V  [jvm.dll+0x1a1beb]
V  [jvm.dll+0x225158]
V  [jvm.dll+0x22319c]
V  [jvm.dll+0x77fa62]
V  [jvm.dll+0x7795aa]
V  [jvm.dll+0x667066]
C  [ucrtbase.dll+0x21bb2]
C  [KERNEL32.DLL+0x17034]
C  [ntdll.dll+0x52651]


---------------  P R O C E S S  ---------------

Threads class SMR info:
_java_thread_list=0x0000021d366ce100, length=37, elements={
0x0000021d7fc18e20, 0x0000021d2e398250, 0x0000021d2e399110, 0x0000021d2e3aa5e0,
0x0000021d2e3ae000, 0x0000021d2e3aea00, 0x0000021d2e3af400, 0x0000021d2ed08140,
0x0000021d2e3b5640, 0x0000021d2e3ba0a0, 0x0000021d2ee319d0, 0x0000021d2ee33600,
0x0000021d2ee40a00, 0x0000021d366ed840, 0x0000021d361fa5f0, 0x0000021d368432d0,
0x0000021d3efdcce0, 0x0000021d3ea137e0, 0x0000021d36adafe0, 0x0000021d36adb530,
0x0000021d36adba80, 0x0000021d36ad6030, 0x0000021d36ad9000, 0x0000021d36ad7ac0,
0x0000021d36ad8ab0, 0x0000021d36ada540, 0x0000021d36ad5590, 0x0000021d3f2458e0,
0x0000021d3f2448f0, 0x0000021d526d8940, 0x0000021d526d2ef0, 0x0000021d526d5420,
0x0000021d526d7400, 0x0000021d526d6960, 0x0000021d526d7950, 0x0000021d526d6eb0,
0x0000021d2f6261a0
}

Java Threads: ( => current thread )
  0x0000021d7fc18e20 JavaThread "main" [_thread_in_native, id=35596, stack(0x000000ac7ce00000,0x000000ac7cf00000)]
  0x0000021d2e398250 JavaThread "Reference Handler" daemon [_thread_blocked, id=78520, stack(0x000000ac7d500000,0x000000ac7d600000)]
  0x0000021d2e399110 JavaThread "Finalizer" daemon [_thread_blocked, id=27148, stack(0x000000ac7d600000,0x000000ac7d700000)]
  0x0000021d2e3aa5e0 JavaThread "Signal Dispatcher" daemon [_thread_blocked, id=76856, stack(0x000000ac7d700000,0x000000ac7d800000)]
  0x0000021d2e3ae000 JavaThread "Attach Listener" daemon [_thread_blocked, id=75852, stack(0x000000ac7d800000,0x000000ac7d900000)]
  0x0000021d2e3aea00 JavaThread "Service Thread" daemon [_thread_blocked, id=30576, stack(0x000000ac7d900000,0x000000ac7da00000)]
  0x0000021d2e3af400 JavaThread "Monitor Deflation Thread" daemon [_thread_blocked, id=80060, stack(0x000000ac7da00000,0x000000ac7db00000)]
  0x0000021d2ed08140 JavaThread "C2 CompilerThread0" daemon [_thread_in_vm, id=80648, stack(0x000000ac7db00000,0x000000ac7dc00000)]
  0x0000021d2e3b5640 JavaThread "C1 CompilerThread0" daemon [_thread_blocked, id=34960, stack(0x000000ac7dc00000,0x000000ac7dd00000)]
  0x0000021d2e3ba0a0 JavaThread "Sweeper thread" daemon [_thread_blocked, id=80892, stack(0x000000ac7dd00000,0x000000ac7de00000)]
  0x0000021d2ee319d0 JavaThread "Notification Thread" daemon [_thread_blocked, id=50528, stack(0x000000ac7de00000,0x000000ac7df00000)]
  0x0000021d2ee33600 JavaThread "Common-Cleaner" daemon [_thread_blocked, id=54216, stack(0x000000ac7e000000,0x000000ac7e100000)]
  0x0000021d2ee40a00 JavaThread "Thread-0" daemon [_thread_blocked, id=40152, stack(0x000000ac7e100000,0x000000ac7e200000)]
  0x0000021d366ed840 JavaThread "Assets" daemon [_thread_blocked, id=22560, stack(0x000000ac7f310000,0x000000ac7f410000)]
  0x0000021d361fa5f0 JavaThread "Timer" daemon [_thread_blocked, id=58488, stack(0x000000ac7f410000,0x000000ac7f510000)]
  0x0000021d368432d0 JavaThread "Main Executor" daemon [_thread_blocked, id=76556, stack(0x000000ac7f610000,0x000000ac7f710000)]
  0x0000021d3efdcce0 JavaThread "Main Executor" daemon [_thread_blocked, id=29328, stack(0x000000ac7f710000,0x000000ac7f810000)]
  0x0000021d3ea137e0 JavaThread "Main Executor" daemon [_thread_blocked, id=76104, stack(0x000000ac7f810000,0x000000ac7f910000)]
  0x0000021d36adafe0 JavaThread "Main Executor" daemon [_thread_blocked, id=79676, stack(0x000000ac7f910000,0x000000ac7fa10000)]
  0x0000021d36adb530 JavaThread "Main Executor" daemon [_thread_blocked, id=24676, stack(0x000000ac7fa10000,0x000000ac7fb10000)]
  0x0000021d36adba80 JavaThread "Main Executor" daemon [_thread_blocked, id=78212, stack(0x000000ac7fb10000,0x000000ac7fc10000)]
  0x0000021d36ad6030 JavaThread "Main Executor" daemon [_thread_blocked, id=5804, stack(0x000000ac7fc10000,0x000000ac7fd10000)]
  0x0000021d36ad9000 JavaThread "Main Executor" daemon [_thread_blocked, id=15368, stack(0x000000ac7fd10000,0x000000ac7fe10000)]
  0x0000021d36ad7ac0 JavaThread "Main Executor" daemon [_thread_blocked, id=76860, stack(0x000000ac7fe10000,0x000000ac7ff10000)]
  0x0000021d36ad8ab0 JavaThread "Main Executor" daemon [_thread_blocked, id=78636, stack(0x000000ac00000000,0x000000ac00100000)]
  0x0000021d36ada540 JavaThread "Main Executor" daemon [_thread_blocked, id=9384, stack(0x000000ac00100000,0x000000ac00200000)]
  0x0000021d36ad5590 JavaThread "Main Executor" daemon [_thread_blocked, id=43296, stack(0x000000ac00200000,0x000000ac00300000)]
  0x0000021d3f2458e0 JavaThread "HTTP" daemon [_thread_blocked, id=79908, stack(0x000000ac00300000,0x000000ac00400000)]
  0x0000021d3f2448f0 JavaThread "Settings Backup" daemon [_thread_blocked, id=27684, stack(0x000000ac01000000,0x000000ac01100000)]
  0x0000021d526d8940 JavaThread "Pathfinder" daemon [_thread_blocked, id=49052, stack(0x000000ac01100000,0x000000ac01200000)]
  0x0000021d526d2ef0 JavaThread "ControlPathfindThread-0" daemon [_thread_blocked, id=80260, stack(0x000000ac01800000,0x000000ac01900000)]
  0x0000021d526d5420 JavaThread "ControlPathfindThread-1" daemon [_thread_blocked, id=45676, stack(0x000000ac01900000,0x000000ac01a00000)]
  0x0000021d526d7400 JavaThread "ControlPathfindThread-2" daemon [_thread_blocked, id=68304, stack(0x000000ac01a00000,0x000000ac01b00000)]
  0x0000021d526d6960 JavaThread "ControlPathfindThread-3" daemon [_thread_blocked, id=71120, stack(0x000000ac01400000,0x000000ac01500000)]
  0x0000021d526d7950 JavaThread "ControlPathfindThread-4" daemon [_thread_blocked, id=23264, stack(0x000000ac01200000,0x000000ac01300000)]
  0x0000021d526d6eb0 JavaThread "ControlPathfindThread-5" daemon [_thread_blocked, id=51660, stack(0x000000ac01300000,0x000000ac01400000)]
=>0x0000021d2f6261a0 JavaThread "C2 CompilerThread1" daemon [_thread_in_native, id=80324, stack(0x000000ac00f00000,0x000000ac01000000)]

Other Threads:
  0x0000021d2e393600 VMThread "VM Thread" [stack: 0x000000ac7d400000,0x000000ac7d500000] [id=76192]
  0x0000021d2ee33310 WatcherThread [stack: 0x000000ac7df00000,0x000000ac7e000000] [id=80504]
  0x0000021d7fc91b30 GCTaskThread "GC Thread#0" [stack: 0x000000ac7cf00000,0x000000ac7d000000] [id=59152]
  0x0000021d2f340350 GCTaskThread "GC Thread#1" [stack: 0x000000ac7ea10000,0x000000ac7eb10000] [id=41588]
  0x0000021d2f3418c0 GCTaskThread "GC Thread#2" [stack: 0x000000ac7eb10000,0x000000ac7ec10000] [id=65132]
  0x0000021d2f341ee0 GCTaskThread "GC Thread#3" [stack: 0x000000ac7ec10000,0x000000ac7ed10000] [id=74056]
  0x0000021d2f3421f0 GCTaskThread "GC Thread#4" [stack: 0x000000ac7ed10000,0x000000ac7ee10000] [id=77892]
  0x0000021d2f33ead0 GCTaskThread "GC Thread#5" [stack: 0x000000ac7ee10000,0x000000ac7ef10000] [id=80616]
  0x0000021d363d4370 GCTaskThread "GC Thread#6" [stack: 0x000000ac7ef10000,0x000000ac7f010000] [id=28956]
  0x0000021d363d7160 GCTaskThread "GC Thread#7" [stack: 0x000000ac7f010000,0x000000ac7f110000] [id=6784]
  0x0000021d363d55d0 GCTaskThread "GC Thread#8" [stack: 0x000000ac7f110000,0x000000ac7f210000] [id=33844]
  0x0000021d363d7a90 GCTaskThread "GC Thread#9" [stack: 0x000000ac7f210000,0x000000ac7f310000] [id=77336]
  0x0000021d7fca4aa0 ConcurrentGCThread "G1 Main Marker" [stack: 0x000000ac7d000000,0x000000ac7d100000] [id=79912]
  0x0000021d7fca5cb0 ConcurrentGCThread "G1 Conc#0" [stack: 0x000000ac7d100000,0x000000ac7d200000] [id=80192]
  0x0000021d363d58e0 ConcurrentGCThread "G1 Conc#1" [stack: 0x000000ac00400000,0x000000ac00500000] [id=78452]
  0x0000021d363d5bf0 ConcurrentGCThread "G1 Conc#2" [stack: 0x000000ac00500000,0x000000ac00600000] [id=37284]
  0x0000021d7fcfec10 ConcurrentGCThread "G1 Refine#0" [stack: 0x000000ac7d200000,0x000000ac7d300000] [id=74572]
  0x0000021d3e86a4e0 ConcurrentGCThread "G1 Refine#1" [stack: 0x000000ac00900000,0x000000ac00a00000] [id=77088]
  0x0000021d412f63d0 ConcurrentGCThread "G1 Refine#2" [stack: 0x000000ac00a00000,0x000000ac00b00000] [id=21592]
  0x0000021d2ef7d870 ConcurrentGCThread "G1 Refine#3" [stack: 0x000000ac00b00000,0x000000ac00c00000] [id=76152]
  0x0000021d41ad8680 ConcurrentGCThread "G1 Refine#4" [stack: 0x000000ac00c00000,0x000000ac00d00000] [id=76544]
  0x0000021d41ad89c0 ConcurrentGCThread "G1 Refine#5" [stack: 0x000000ac00d00000,0x000000ac00e00000] [id=71376]
  0x0000021d41ad9a00 ConcurrentGCThread "G1 Refine#6" [stack: 0x000000ac00e00000,0x000000ac00f00000] [id=79816]
  0x0000021d2e246c30 ConcurrentGCThread "G1 Service" [stack: 0x000000ac7d300000,0x000000ac7d400000] [id=77156]

Threads with active compile tasks:
C2 CompilerThread0    38738 5743       4       mindustry.ui.dialogs.LoadDialog::lambda$rebuild$16 (38 bytes)
C2 CompilerThread1    38738 5734       4       arc.scene.ui.layout.Cell$$Lambda$2062/0x0000000801271570::run (12 bytes)

VM state: not at safepoint (normal execution)

VM Mutex/Monitor currently owned by a thread: None

Heap address: 0x0000000601c00000, size: 8164 MB, Compressed Oops mode: Zero based, Oop shift amount: 3

CDS archive(s) mapped at: [0x0000000800000000-0x0000000800bb0000-0x0000000800bb0000), size 12255232, SharedBaseAddress: 0x0000000800000000, ArchiveRelocationMode: 0.
Compressed class space mapped at: 0x0000000800c00000-0x0000000840c00000, reserved size: 1073741824
Narrow klass base: 0x0000000800000000, Narrow klass shift: 3, Narrow klass range: 0x100000000

GC Precious Log:
 CPUs: 12 total, 12 available
 Memory: 32641M
 Large Page Support: Disabled
 NUMA Support: Disabled
 Compressed Oops: Enabled (Zero based)
 Heap Region Size: 4M
 Heap Min Capacity: 8M
 Heap Initial Capacity: 512M
 Heap Max Capacity: 8164M
 Pre-touch: Disabled
 Parallel Workers: 10
 Concurrent Workers: 3
 Concurrent Refinement Workers: 10
 Periodic GC: Disabled

Heap:
 garbage-first heap   total 446464K, used 184320K [0x0000000601c00000, 0x0000000800000000)
  region size 4096K, 17 young (69632K), 1 survivors (4096K)
 Metaspace       used 42249K, committed 42560K, reserved 1089536K
  class space    used 7475K, committed 7616K, reserved 1048576K

Heap Regions: E=young(eden), S=young(survivor), O=old, HS=humongous(starts), HC=humongous(continues), CS=collection set, F=free, OA=open archive, CA=closed archive, TAMS=top-at-mark-start (previous, next)
|   0|0x0000000601c00000, 0x0000000602000000, 0x0000000602000000|100%| O|  |TAMS 0x0000000602000000, 0x0000000601c00000| Untracked 
|   1|0x0000000602000000, 0x0000000602400000, 0x0000000602400000|100%| O|  |TAMS 0x0000000602400000, 0x0000000602000000| Untracked 
|   2|0x0000000602400000, 0x0000000602800000, 0x0000000602800000|100%| O|  |TAMS 0x0000000602800000, 0x0000000602400000| Untracked 
|   3|0x0000000602800000, 0x0000000602c00000, 0x0000000602c00000|100%| O|  |TAMS 0x0000000602c00000, 0x0000000602800000| Complete 
|   4|0x0000000602c00000, 0x0000000603000000, 0x0000000603000000|100%| O|  |TAMS 0x0000000603000000, 0x0000000602c00000| Complete 
|   5|0x0000000603000000, 0x0000000603400000, 0x0000000603400000|100%| O|  |TAMS 0x0000000603400000, 0x0000000603000000| Complete 
|   6|0x0000000603400000, 0x0000000603800000, 0x0000000603800000|100%| O|  |TAMS 0x0000000603800000, 0x0000000603400000| Complete 
|   7|0x0000000603800000, 0x0000000603c00000, 0x0000000603c00000|100%| O|  |TAMS 0x0000000603c00000, 0x0000000603800000| Complete 
|   8|0x0000000603c00000, 0x0000000604000000, 0x0000000604000000|100%| O|  |TAMS 0x0000000604000000, 0x0000000603c00000| Complete 
|   9|0x0000000604000000, 0x0000000604400000, 0x0000000604400000|100%| O|  |TAMS 0x0000000604400000, 0x0000000604000000| Complete 
|  10|0x0000000604400000, 0x0000000604800000, 0x0000000604800000|100%| O|  |TAMS 0x0000000604800000, 0x0000000604400000| Complete 
|  11|0x0000000604800000, 0x0000000604c00000, 0x0000000604c00000|100%| O|  |TAMS 0x0000000604c00000, 0x0000000604800000| Untracked 
|  12|0x0000000604c00000, 0x0000000605000000, 0x0000000605000000|100%| O|  |TAMS 0x0000000605000000, 0x0000000604c00000| Complete 
|  13|0x0000000605000000, 0x0000000605400000, 0x0000000605400000|100%| O|  |TAMS 0x0000000605400000, 0x0000000605000000| Complete 
|  14|0x0000000605400000, 0x0000000605800000, 0x0000000605800000|100%| O|  |TAMS 0x0000000605800000, 0x0000000605400000| Complete 
|  15|0x0000000605800000, 0x0000000605c00000, 0x0000000605c00000|100%| O|  |TAMS 0x0000000605c00000, 0x0000000605800000| Complete 
|  16|0x0000000605c00000, 0x0000000606000000, 0x0000000606000000|100%| O|  |TAMS 0x0000000606000000, 0x0000000605c00000| Complete 
|  17|0x0000000606000000, 0x0000000606400000, 0x0000000606400000|100%| O|  |TAMS 0x0000000606400000, 0x0000000606000000| Complete 
|  18|0x0000000606400000, 0x0000000606800000, 0x0000000606800000|100%| O|  |TAMS 0x0000000606800000, 0x0000000606400000| Complete 
|  19|0x0000000606800000, 0x0000000606c00000, 0x0000000606c00000|100%| O|  |TAMS 0x0000000606c00000, 0x0000000606800000| Untracked 
|  20|0x0000000606c00000, 0x0000000607000000, 0x0000000607000000|100%| O|  |TAMS 0x0000000607000000, 0x0000000606c00000| Untracked 
|  21|0x0000000607000000, 0x0000000607400000, 0x0000000607400000|100%| O|  |TAMS 0x0000000607000000, 0x0000000607000000| Untracked 
|  22|0x0000000607400000, 0x0000000607800000, 0x0000000607800000|100%| O|  |TAMS 0x0000000607400000, 0x0000000607400000| Untracked 
|  23|0x0000000607800000, 0x0000000607c00000, 0x0000000607c00000|100%| O|  |TAMS 0x0000000607c00000, 0x0000000607800000| Untracked 
|  24|0x0000000607c00000, 0x0000000608000000, 0x0000000608000000|100%| O|  |TAMS 0x0000000608000000, 0x0000000607c00000| Untracked 
|  25|0x0000000608000000, 0x0000000608400000, 0x0000000608400000|100%| O|  |TAMS 0x0000000608400000, 0x0000000608000000| Untracked 
|  26|0x0000000608400000, 0x0000000608800000, 0x0000000608800000|100%| O|  |TAMS 0x0000000608400000, 0x0000000608400000| Untracked 
|  27|0x0000000608800000, 0x0000000608c00000, 0x0000000608c00000|100%| O|  |TAMS 0x0000000608bf0200, 0x0000000608800000| Complete 
|  28|0x0000000608c00000, 0x0000000609000000, 0x0000000609000000|100%| O|  |TAMS 0x0000000608c00000, 0x0000000608c00000| Untracked 
|  29|0x0000000609000000, 0x0000000609000000, 0x0000000609400000|  0%| F|  |TAMS 0x0000000609000000, 0x0000000609000000| Untracked 
|  30|0x0000000609400000, 0x0000000609400000, 0x0000000609800000|  0%| F|  |TAMS 0x0000000609400000, 0x0000000609400000| Untracked 
|  31|0x0000000609800000, 0x0000000609800000, 0x0000000609c00000|  0%| F|  |TAMS 0x0000000609800000, 0x0000000609800000| Untracked 
|  32|0x0000000609c00000, 0x0000000609c00000, 0x000000060a000000|  0%| F|  |TAMS 0x0000000609c00000, 0x0000000609c00000| Untracked 
|  33|0x000000060a000000, 0x000000060a000000, 0x000000060a400000|  0%| F|  |TAMS 0x000000060a000000, 0x000000060a000000| Untracked 
|  34|0x000000060a400000, 0x000000060a400000, 0x000000060a800000|  0%| F|  |TAMS 0x000000060a400000, 0x000000060a400000| Untracked 
|  35|0x000000060a800000, 0x000000060a800000, 0x000000060ac00000|  0%| F|  |TAMS 0x000000060a800000, 0x000000060a800000| Untracked 
|  36|0x000000060ac00000, 0x000000060ac00000, 0x000000060b000000|  0%| F|  |TAMS 0x000000060ac00000, 0x000000060ac00000| Untracked 
|  37|0x000000060b000000, 0x000000060b000000, 0x000000060b400000|  0%| F|  |TAMS 0x000000060b000000, 0x000000060b000000| Untracked 
|  38|0x000000060b400000, 0x000000060b400000, 0x000000060b800000|  0%| F|  |TAMS 0x000000060b400000, 0x000000060b400000| Untracked 
|  39|0x000000060b800000, 0x000000060b800000, 0x000000060bc00000|  0%| F|  |TAMS 0x000000060b800000, 0x000000060b800000| Untracked 
|  40|0x000000060bc00000, 0x000000060bc00000, 0x000000060c000000|  0%| F|  |TAMS 0x000000060bc00000, 0x000000060bc00000| Untracked 
|  41|0x000000060c000000, 0x000000060c400000, 0x000000060c400000|100%| S|CS|TAMS 0x000000060c000000, 0x000000060c000000| Complete 
|  42|0x000000060c400000, 0x000000060c400000, 0x000000060c800000|  0%| F|  |TAMS 0x000000060c400000, 0x000000060c400000| Untracked 
|  43|0x000000060c800000, 0x000000060c800000, 0x000000060cc00000|  0%| F|  |TAMS 0x000000060c800000, 0x000000060c800000| Untracked 
|  44|0x000000060cc00000, 0x000000060cc00000, 0x000000060d000000|  0%| F|  |TAMS 0x000000060cc00000, 0x000000060cc00000| Untracked 
|  45|0x000000060d000000, 0x000000060d000000, 0x000000060d400000|  0%| F|  |TAMS 0x000000060d000000, 0x000000060d000000| Untracked 
|  46|0x000000060d400000, 0x000000060d400000, 0x000000060d800000|  0%| F|  |TAMS 0x000000060d400000, 0x000000060d400000| Untracked 
|  47|0x000000060d800000, 0x000000060d800000, 0x000000060dc00000|  0%| F|  |TAMS 0x000000060d800000, 0x000000060d800000| Untracked 
|  48|0x000000060dc00000, 0x000000060dc00000, 0x000000060e000000|  0%| F|  |TAMS 0x000000060dc00000, 0x000000060dc00000| Untracked 
|  49|0x000000060e000000, 0x000000060e000000, 0x000000060e400000|  0%| F|  |TAMS 0x000000060e000000, 0x000000060e000000| Untracked 
|  50|0x000000060e400000, 0x000000060e400000, 0x000000060e800000|  0%| F|  |TAMS 0x000000060e400000, 0x000000060e400000| Untracked 
|  51|0x000000060e800000, 0x000000060e800000, 0x000000060ec00000|  0%| F|  |TAMS 0x000000060e800000, 0x000000060e800000| Untracked 
|  52|0x000000060ec00000, 0x000000060ec00000, 0x000000060f000000|  0%| F|  |TAMS 0x000000060ec00000, 0x000000060ec00000| Untracked 
|  53|0x000000060f000000, 0x000000060f000000, 0x000000060f400000|  0%| F|  |TAMS 0x000000060f000000, 0x000000060f000000| Untracked 
|  54|0x000000060f400000, 0x000000060f400000, 0x000000060f800000|  0%| F|  |TAMS 0x000000060f400000, 0x000000060f400000| Untracked 
|  55|0x000000060f800000, 0x000000060f800000, 0x000000060fc00000|  0%| F|  |TAMS 0x000000060f800000, 0x000000060f800000| Untracked 
|  56|0x000000060fc00000, 0x000000060fc00000, 0x0000000610000000|  0%| F|  |TAMS 0x000000060fc00000, 0x000000060fc00000| Untracked 
|  57|0x0000000610000000, 0x0000000610000000, 0x0000000610400000|  0%| F|  |TAMS 0x0000000610000000, 0x0000000610000000| Untracked 
|  58|0x0000000610400000, 0x0000000610400000, 0x0000000610800000|  0%| F|  |TAMS 0x0000000610400000, 0x0000000610400000| Untracked 
|  59|0x0000000610800000, 0x0000000610800000, 0x0000000610c00000|  0%| F|  |TAMS 0x0000000610800000, 0x0000000610800000| Untracked 
|  60|0x0000000610c00000, 0x0000000610c00000, 0x0000000611000000|  0%| F|  |TAMS 0x0000000610c00000, 0x0000000610c00000| Untracked 
|  61|0x0000000611000000, 0x0000000611000000, 0x0000000611400000|  0%| F|  |TAMS 0x0000000611000000, 0x0000000611000000| Untracked 
|  62|0x0000000611400000, 0x0000000611400000, 0x0000000611800000|  0%| F|  |TAMS 0x0000000611400000, 0x0000000611400000| Untracked 
|  63|0x0000000611800000, 0x0000000611800000, 0x0000000611c00000|  0%| F|  |TAMS 0x0000000611800000, 0x0000000611800000| Untracked 
|  64|0x0000000611c00000, 0x0000000611c00000, 0x0000000612000000|  0%| F|  |TAMS 0x0000000611c00000, 0x0000000611c00000| Untracked 
|  65|0x0000000612000000, 0x0000000612000000, 0x0000000612400000|  0%| F|  |TAMS 0x0000000612000000, 0x0000000612000000| Untracked 
|  66|0x0000000612400000, 0x0000000612400000, 0x0000000612800000|  0%| F|  |TAMS 0x0000000612400000, 0x0000000612400000| Untracked 
|  67|0x0000000612800000, 0x0000000612800000, 0x0000000612c00000|  0%| F|  |TAMS 0x0000000612800000, 0x0000000612800000| Untracked 
|  68|0x0000000612c00000, 0x0000000612c00000, 0x0000000613000000|  0%| F|  |TAMS 0x0000000612c00000, 0x0000000612c00000| Untracked 
|  69|0x0000000613000000, 0x0000000613000000, 0x0000000613400000|  0%| F|  |TAMS 0x0000000613000000, 0x0000000613000000| Untracked 
|  70|0x0000000613400000, 0x0000000613400000, 0x0000000613800000|  0%| F|  |TAMS 0x0000000613400000, 0x0000000613400000| Untracked 
|  71|0x0000000613800000, 0x0000000613800000, 0x0000000613c00000|  0%| F|  |TAMS 0x0000000613800000, 0x0000000613800000| Untracked 
|  72|0x0000000613c00000, 0x0000000613c00000, 0x0000000614000000|  0%| F|  |TAMS 0x0000000613c00000, 0x0000000613c00000| Untracked 
|  73|0x0000000614000000, 0x0000000614000000, 0x0000000614400000|  0%| F|  |TAMS 0x0000000614000000, 0x0000000614000000| Untracked 
|  74|0x0000000614400000, 0x0000000614400000, 0x0000000614800000|  0%| F|  |TAMS 0x0000000614400000, 0x0000000614400000| Untracked 
|  75|0x0000000614800000, 0x0000000614800000, 0x0000000614c00000|  0%| F|  |TAMS 0x0000000614800000, 0x0000000614800000| Untracked 
|  76|0x0000000614c00000, 0x0000000614c00000, 0x0000000615000000|  0%| F|  |TAMS 0x0000000614c00000, 0x0000000614c00000| Untracked 
|  77|0x0000000615000000, 0x0000000615000000, 0x0000000615400000|  0%| F|  |TAMS 0x0000000615000000, 0x0000000615000000| Untracked 
|  78|0x0000000615400000, 0x0000000615400000, 0x0000000615800000|  0%| F|  |TAMS 0x0000000615400000, 0x0000000615400000| Untracked 
|  79|0x0000000615800000, 0x0000000615800000, 0x0000000615c00000|  0%| F|  |TAMS 0x0000000615800000, 0x0000000615800000| Untracked 
|  80|0x0000000615c00000, 0x0000000615c00000, 0x0000000616000000|  0%| F|  |TAMS 0x0000000615c00000, 0x0000000615c00000| Untracked 
|  81|0x0000000616000000, 0x0000000616000000, 0x0000000616400000|  0%| F|  |TAMS 0x0000000616000000, 0x0000000616000000| Untracked 
|  82|0x0000000616400000, 0x0000000616400000, 0x0000000616800000|  0%| F|  |TAMS 0x0000000616400000, 0x0000000616400000| Untracked 
|  83|0x0000000616800000, 0x0000000616800000, 0x0000000616c00000|  0%| F|  |TAMS 0x0000000616800000, 0x0000000616800000| Untracked 
|  84|0x0000000616c00000, 0x0000000616c00000, 0x0000000617000000|  0%| F|  |TAMS 0x0000000616c00000, 0x0000000616c00000| Untracked 
|  85|0x0000000617000000, 0x0000000617000000, 0x0000000617400000|  0%| F|  |TAMS 0x0000000617000000, 0x0000000617000000| Untracked 
|  86|0x0000000617400000, 0x0000000617400000, 0x0000000617800000|  0%| F|  |TAMS 0x0000000617400000, 0x0000000617400000| Untracked 
|  87|0x0000000617800000, 0x0000000617800000, 0x0000000617c00000|  0%| F|  |TAMS 0x0000000617800000, 0x0000000617800000| Untracked 
|  88|0x0000000617c00000, 0x0000000617c00000, 0x0000000618000000|  0%| F|  |TAMS 0x0000000617c00000, 0x0000000617c00000| Untracked 
|  89|0x0000000618000000, 0x0000000618000000, 0x0000000618400000|  0%| F|  |TAMS 0x0000000618000000, 0x0000000618000000| Untracked 
|  90|0x0000000618400000, 0x0000000618400000, 0x0000000618800000|  0%| F|  |TAMS 0x0000000618400000, 0x0000000618400000| Untracked 
|  91|0x0000000618800000, 0x0000000618800000, 0x0000000618c00000|  0%| F|  |TAMS 0x0000000618800000, 0x0000000618800000| Untracked 
|  92|0x0000000618c00000, 0x0000000618dde798, 0x0000000619000000| 46%| E|  |TAMS 0x0000000618c00000, 0x0000000618c00000| Complete 
|  93|0x0000000619000000, 0x0000000619400000, 0x0000000619400000|100%| E|CS|TAMS 0x0000000619000000, 0x0000000619000000| Complete 
|  94|0x0000000619400000, 0x0000000619800000, 0x0000000619800000|100%| E|CS|TAMS 0x0000000619400000, 0x0000000619400000| Complete 
|  95|0x0000000619800000, 0x0000000619c00000, 0x0000000619c00000|100%| E|CS|TAMS 0x0000000619800000, 0x0000000619800000| Complete 
|  96|0x0000000619c00000, 0x000000061a000000, 0x000000061a000000|100%| E|CS|TAMS 0x0000000619c00000, 0x0000000619c00000| Complete 
|  97|0x000000061a000000, 0x000000061a400000, 0x000000061a400000|100%| E|CS|TAMS 0x000000061a000000, 0x000000061a000000| Complete 
|  98|0x000000061a400000, 0x000000061a800000, 0x000000061a800000|100%| E|CS|TAMS 0x000000061a400000, 0x000000061a400000| Complete 
|  99|0x000000061a800000, 0x000000061ac00000, 0x000000061ac00000|100%| E|CS|TAMS 0x000000061a800000, 0x000000061a800000| Complete 
| 100|0x000000061ac00000, 0x000000061b000000, 0x000000061b000000|100%| E|CS|TAMS 0x000000061ac00000, 0x000000061ac00000| Complete 
| 101|0x000000061b000000, 0x000000061b400000, 0x000000061b400000|100%| E|CS|TAMS 0x000000061b000000, 0x000000061b000000| Complete 
| 102|0x000000061b400000, 0x000000061b800000, 0x000000061b800000|100%| E|CS|TAMS 0x000000061b400000, 0x000000061b400000| Complete 
| 103|0x000000061b800000, 0x000000061bc00000, 0x000000061bc00000|100%| E|CS|TAMS 0x000000061b800000, 0x000000061b800000| Complete 
| 104|0x000000061bc00000, 0x000000061c000000, 0x000000061c000000|100%| E|CS|TAMS 0x000000061bc00000, 0x000000061bc00000| Complete 
| 105|0x000000061c000000, 0x000000061c400000, 0x000000061c400000|100%| E|CS|TAMS 0x000000061c000000, 0x000000061c000000| Complete 
| 125|0x0000000621000000, 0x0000000621400000, 0x0000000621400000|100%| E|CS|TAMS 0x0000000621000000, 0x0000000621000000| Complete 
| 126|0x0000000621400000, 0x0000000621800000, 0x0000000621800000|100%| E|CS|TAMS 0x0000000621400000, 0x0000000621400000| Complete 
| 127|0x0000000621800000, 0x0000000621c00000, 0x0000000621c00000|100%| E|CS|TAMS 0x0000000621800000, 0x0000000621800000| Complete 

Card table byte_map: [0x0000021d19760000,0x0000021d1a760000] _byte_map_base: 0x0000021d16752000

Marking Bits (Prev, Next): (CMBitMap*) 0x0000021d7fc931f0, (CMBitMap*) 0x0000021d7fc931b0
 Prev Bits: [0x0000021d236f0000, 0x0000021d2b680000)
 Next Bits: [0x0000021d1b760000, 0x0000021d236f0000)

Polling page: 0x0000021d01410000

Metaspace:

Usage:
  Non-class:     33.96 MB used.
      Class:      7.30 MB used.
       Both:     41.26 MB used.

Virtual space:
  Non-class space:       40.00 MB reserved,      34.12 MB ( 85%) committed,  5 nodes.
      Class space:        1.00 GB reserved,       7.44 MB ( <1%) committed,  1 nodes.
              Both:        1.04 GB reserved,      41.56 MB (  4%) committed. 

Chunk freelists:
   Non-Class:  1.44 MB
       Class:  400.00 KB
        Both:  1.83 MB

MaxMetaspaceSize: 17179869184.00 GB
CompressedClassSpaceSize: 1.00 GB
 - commit_granule_bytes: 65536.
 - commit_granule_words: 8192.
 - virtual_space_node_default_size: 1048576.
 - enlarge_chunks_in_place: 1.
 - new_chunks_are_fully_committed: 0.
 - uncommit_free_chunks: 1.
 - use_allocation_guard: 0.
 - handle_deallocations: 1.


Internal statistics:

num_allocs_failed_limit: 3.
num_arena_births: 352.
num_arena_deaths: 4.
num_vsnodes_births: 6.
num_vsnodes_deaths: 0.
num_space_committed: 665.
num_space_uncommitted: 0.
num_chunks_returned_to_freelist: 7.
num_chunks_taken_from_freelist: 1710.
num_chunk_merges: 5.
num_chunk_splits: 1219.
num_chunks_enlarged: 965.
num_purges: 2.

CodeHeap 'non-profiled nmethods': size=120000Kb used=4119Kb max_used=4119Kb free=115880Kb
 bounds [0x0000021d10590000, 0x0000021d109a0000, 0x0000021d17ac0000]
CodeHeap 'profiled nmethods': size=120000Kb used=10977Kb max_used=10977Kb free=109022Kb
 bounds [0x0000021d09060000, 0x0000021d09b20000, 0x0000021d10590000]
CodeHeap 'non-nmethods': size=5760Kb used=1504Kb max_used=1588Kb free=4255Kb
 bounds [0x0000021d08ac0000, 0x0000021d08d30000, 0x0000021d09060000]
 total_blobs=5924 nmethods=5045 adapters=790
 compilation: enabled
              stopped_count=0, restarted_count=0
 full_count=0

Compilation events (20 events):
Event: 38.454 Thread 0x0000021d2e3b5640 5730       3       arc.graphics.g2d.Draw::trans (8 bytes)
Event: 38.454 Thread 0x0000021d2e3b5640 nmethod 5730 0x0000021d09b15890 code [0x0000021d09b15a60, 0x0000021d09b15d58]
Event: 38.454 Thread 0x0000021d2e3b5640 5731       3       arc.graphics.g2d.Batch::setTransform (14 bytes)
Event: 38.454 Thread 0x0000021d2e3b5640 nmethod 5731 0x0000021d09b15e90 code [0x0000021d09b16040, 0x0000021d09b16258]
Event: 38.467 Thread 0x0000021d2f6261a0 5732       4       arc.scene.ui.Label$$Lambda$2089/0x0000000801278ee8::run (12 bytes)
Event: 38.468 Thread 0x0000021d2f6261a0 nmethod 5732 0x0000021d10987a90 code [0x0000021d10987c60, 0x0000021d10987e48]
Event: 38.476 Thread 0x0000021d2ed08140 5733       4       arc.files.Fi::path (15 bytes)
Event: 38.482 Thread 0x0000021d2f6261a0 5734       4       arc.scene.ui.layout.Cell$$Lambda$2062/0x0000000801271570::run (12 bytes)
Event: 38.484 Thread 0x0000021d2ed08140 nmethod 5733 0x0000021d10988090 code [0x0000021d10988240, 0x0000021d10988838]
Event: 38.495 Thread 0x0000021d2ed08140 5735       4       java.io.File::getParent (65 bytes)
Event: 38.502 Thread 0x0000021d2ed08140 nmethod 5735 0x0000021d10988b90 code [0x0000021d10988d40, 0x0000021d10989398]
Event: 38.507 Thread 0x0000021d2ed08140 5736       4       java.io.File::<init> (111 bytes)
Event: 38.529 Thread 0x0000021d2ed08140 nmethod 5736 0x0000021d10989690 code [0x0000021d109898c0, 0x0000021d1098aa00]
Event: 38.533 Thread 0x0000021d2ed08140 5737       4       arc.backend.sdl.SdlFiles$SdlFi::sibling (50 bytes)
Event: 38.544 Thread 0x0000021d2ed08140 nmethod 5737 0x0000021d1098b210 code [0x0000021d1098b3e0, 0x0000021d1098be48]
Event: 38.554 Thread 0x0000021d2ed08140 5738       4       mindustry.ui.Fonts$6::draw (121 bytes)
Event: 38.557 Thread 0x0000021d2ed08140 nmethod 5738 0x0000021d1098c390 code [0x0000021d1098c5a0, 0x0000021d1098cbb8]
Event: 38.561 Thread 0x0000021d2ed08140 5739       4       mindustry.ui.dialogs.LoadDialog::lambda$rebuild$14 (67 bytes)
Event: 38.624 Thread 0x0000021d2e3b5640 5742       3       arc.scene.event.VisibilityListener::handle (29 bytes)
Event: 38.624 Thread 0x0000021d2e3b5640 nmethod 5742 0x0000021d09b16390 code [0x0000021d09b16580, 0x0000021d09b16b18]

GC Heap History (20 events):
Event: 6.850 GC heap before
{Heap before GC invocations=7 (full 0):
 garbage-first heap   total 69632K, used 38776K [0x0000000601c00000, 0x0000000800000000)
  region size 4096K, 5 young (20480K), 1 survivors (4096K)
 Metaspace       used 30262K, committed 30592K, reserved 1081344K
  class space    used 5942K, committed 6080K, reserved 1048576K
}
Event: 6.854 GC heap after
{Heap after GC invocations=8 (full 0):
 garbage-first heap   total 69632K, used 37135K [0x0000000601c00000, 0x0000000800000000)
  region size 4096K, 1 young (4096K), 1 survivors (4096K)
 Metaspace       used 30262K, committed 30592K, reserved 1081344K
  class space    used 5942K, committed 6080K, reserved 1048576K
}
Event: 6.861 GC heap before
{Heap before GC invocations=8 (full 0):
 garbage-first heap   total 69632K, used 37135K [0x0000000601c00000, 0x0000000800000000)
  region size 4096K, 2 young (8192K), 1 survivors (4096K)
 Metaspace       used 30262K, committed 30592K, reserved 1081344K
  class space    used 5942K, committed 6080K, reserved 1048576K
}
Event: 6.862 GC heap after
{Heap after GC invocations=9 (full 0):
 garbage-first heap   total 69632K, used 40374K [0x0000000601c00000, 0x0000000800000000)
  region size 4096K, 1 young (4096K), 1 survivors (4096K)
 Metaspace       used 30262K, committed 30592K, reserved 1081344K
  class space    used 5942K, committed 6080K, reserved 1048576K
}
Event: 6.872 GC heap before
{Heap before GC invocations=9 (full 0):
 garbage-first heap   total 69632K, used 40374K [0x0000000601c00000, 0x0000000800000000)
  region size 4096K, 2 young (8192K), 1 survivors (4096K)
 Metaspace       used 30262K, committed 30592K, reserved 1081344K
  class space    used 5942K, committed 6080K, reserved 1048576K
}
Event: 6.873 GC heap after
{Heap after GC invocations=10 (full 0):
 garbage-first heap   total 299008K, used 39949K [0x0000000601c00000, 0x0000000800000000)
  region size 4096K, 1 young (4096K), 1 survivors (4096K)
 Metaspace       used 30262K, committed 30592K, reserved 1081344K
  class space    used 5942K, committed 6080K, reserved 1048576K
}
Event: 6.969 GC heap before
{Heap before GC invocations=11 (full 0):
 garbage-first heap   total 192512K, used 121869K [0x0000000601c00000, 0x0000000800000000)
  region size 4096K, 22 young (90112K), 1 survivors (4096K)
 Metaspace       used 30283K, committed 30592K, reserved 1081344K
  class space    used 5939K, committed 6080K, reserved 1048576K
}
Event: 6.972 GC heap after
{Heap after GC invocations=12 (full 0):
 garbage-first heap   total 192512K, used 46652K [0x0000000601c00000, 0x0000000800000000)
  region size 4096K, 3 young (12288K), 3 survivors (12288K)
 Metaspace       used 30283K, committed 30592K, reserved 1081344K
  class space    used 5939K, committed 6080K, reserved 1048576K
}
Event: 6.978 GC heap before
{Heap before GC invocations=12 (full 0):
 garbage-first heap   total 192512K, used 46652K [0x0000000601c00000, 0x0000000800000000)
  region size 4096K, 4 young (16384K), 3 survivors (12288K)
 Metaspace       used 30293K, committed 30592K, reserved 1081344K
  class space    used 5939K, committed 6080K, reserved 1048576K
}
Event: 6.984 GC heap after
{Heap after GC invocations=13 (full 0):
 garbage-first heap   total 192512K, used 29325K [0x0000000601c00000, 0x0000000800000000)
  region size 4096K, 1 young (4096K), 1 survivors (4096K)
 Metaspace       used 30293K, committed 30592K, reserved 1081344K
  class space    used 5939K, committed 6080K, reserved 1048576K
}
Event: 8.445 GC heap before
{Heap before GC invocations=13 (full 0):
 garbage-first heap   total 192512K, used 103053K [0x0000000601c00000, 0x0000000800000000)
  region size 4096K, 18 young (73728K), 1 survivors (4096K)
 Metaspace       used 30849K, committed 31104K, reserved 1081344K
  class space    used 5979K, committed 6080K, reserved 1048576K
}
Event: 8.448 GC heap after
{Heap after GC invocations=14 (full 0):
 garbage-first heap   total 192512K, used 33242K [0x0000000601c00000, 0x0000000800000000)
  region size 4096K, 2 young (8192K), 2 survivors (8192K)
 Metaspace       used 30849K, committed 31104K, reserved 1081344K
  class space    used 5979K, committed 6080K, reserved 1048576K
}
Event: 9.378 GC heap before
{Heap before GC invocations=14 (full 0):
 garbage-first heap   total 192512K, used 111066K [0x0000000601c00000, 0x0000000800000000)
  region size 4096K, 21 young (86016K), 2 survivors (8192K)
 Metaspace       used 31113K, committed 31424K, reserved 1081344K
  class space    used 6016K, committed 6144K, reserved 1048576K
}
Event: 9.384 GC heap after
{Heap after GC invocations=15 (full 0):
 garbage-first heap   total 192512K, used 39568K [0x0000000601c00000, 0x0000000800000000)
  region size 4096K, 3 young (12288K), 3 survivors (12288K)
 Metaspace       used 31113K, committed 31424K, reserved 1081344K
  class space    used 6016K, committed 6144K, reserved 1048576K
}
Event: 10.973 GC heap before
{Heap before GC invocations=15 (full 0):
 garbage-first heap   total 192512K, used 117392K [0x0000000601c00000, 0x0000000800000000)
  region size 4096K, 23 young (94208K), 3 survivors (12288K)
 Metaspace       used 39554K, committed 39936K, reserved 1081344K
  class space    used 7075K, committed 7232K, reserved 1048576K
}
Event: 11.006 GC heap after
{Heap after GC invocations=16 (full 0):
 garbage-first heap   total 192512K, used 79805K [0x0000000601c00000, 0x0000000800000000)
  region size 4096K, 3 young (12288K), 3 survivors (12288K)
 Metaspace       used 39554K, committed 39936K, reserved 1081344K
  class space    used 7075K, committed 7232K, reserved 1048576K
}
Event: 11.146 GC heap before
{Heap before GC invocations=16 (full 0):
 garbage-first heap   total 192512K, used 120765K [0x0000000601c00000, 0x0000000800000000)
  region size 4096K, 13 young (53248K), 3 survivors (12288K)
 Metaspace       used 40555K, committed 40896K, reserved 1089536K
  class space    used 7209K, committed 7360K, reserved 1048576K
}
Event: 11.177 GC heap after
{Heap after GC invocations=17 (full 0):
 garbage-first heap   total 192512K, used 110528K [0x0000000601c00000, 0x0000000800000000)
  region size 4096K, 2 young (8192K), 2 survivors (8192K)
 Metaspace       used 40555K, committed 40896K, reserved 1089536K
  class space    used 7209K, committed 7360K, reserved 1048576K
}
Event: 37.856 GC heap before
{Heap before GC invocations=17 (full 0):
 garbage-first heap   total 192512K, used 131008K [0x0000000601c00000, 0x0000000800000000)
  region size 4096K, 7 young (28672K), 2 survivors (8192K)
 Metaspace       used 42173K, committed 42560K, reserved 1089536K
  class space    used 7473K, committed 7616K, reserved 1048576K
}
Event: 37.872 GC heap after
{Heap after GC invocations=18 (full 0):
 garbage-first heap   total 446464K, used 122880K [0x0000000601c00000, 0x0000000800000000)
  region size 4096K, 1 young (4096K), 1 survivors (4096K)
 Metaspace       used 42173K, committed 42560K, reserved 1089536K
  class space    used 7473K, committed 7616K, reserved 1048576K
}

Deoptimization events (20 events):
Event: 38.025 Thread 0x0000021d7fc18e20 Uncommon trap: trap_request=0xffffff45 fr.pc=0x0000021d108b7254 relative=0x0000000000000414
Event: 38.025 Thread 0x0000021d7fc18e20 Uncommon trap: reason=unstable_if action=reinterpret pc=0x0000021d108b7254 method=arc.scene.ui.ImageButton.updateImage()V @ 62 c2
Event: 38.025 Thread 0x0000021d7fc18e20 DEOPT PACKING pc=0x0000021d108b7254 sp=0x000000ac7cefe630
Event: 38.025 Thread 0x0000021d7fc18e20 DEOPT UNPACKING pc=0x0000021d08b0d72e sp=0x000000ac7cefe5e8 mode 2
Event: 38.026 Thread 0x0000021d7fc18e20 Uncommon trap: trap_request=0xffffff45 fr.pc=0x0000021d1092ccd0 relative=0x0000000000000ad0
Event: 38.026 Thread 0x0000021d7fc18e20 Uncommon trap: reason=unstable_if action=reinterpret pc=0x0000021d1092ccd0 method=arc.scene.Element.validate()V @ 40 c2
Event: 38.026 Thread 0x0000021d7fc18e20 DEOPT PACKING pc=0x0000021d1092ccd0 sp=0x000000ac7cefe8c0
Event: 38.026 Thread 0x0000021d7fc18e20 DEOPT UNPACKING pc=0x0000021d08b0d72e sp=0x000000ac7cefe7f0 mode 2
Event: 38.383 Thread 0x0000021d7fc18e20 Uncommon trap: trap_request=0xffffff45 fr.pc=0x0000021d10964498 relative=0x00000000000000f8
Event: 38.383 Thread 0x0000021d7fc18e20 Uncommon trap: reason=unstable_if action=reinterpret pc=0x0000021d10964498 method=arc.scene.Element.hit(FFZ)Larc/scene/Element; @ 60 c2
Event: 38.383 Thread 0x0000021d7fc18e20 DEOPT PACKING pc=0x0000021d10964498 sp=0x000000ac7cefed20
Event: 38.383 Thread 0x0000021d7fc18e20 DEOPT UNPACKING pc=0x0000021d08b0d72e sp=0x000000ac7cefeca8 mode 2
Event: 38.383 Thread 0x0000021d7fc18e20 Uncommon trap: trap_request=0xffffff45 fr.pc=0x0000021d1097c458 relative=0x0000000000000458
Event: 38.383 Thread 0x0000021d7fc18e20 Uncommon trap: reason=unstable_if action=reinterpret pc=0x0000021d1097c458 method=arc.scene.Element.hit(FFZ)Larc/scene/Element; @ 60 c2
Event: 38.383 Thread 0x0000021d7fc18e20 DEOPT PACKING pc=0x0000021d1097c458 sp=0x000000ac7cefed60
Event: 38.383 Thread 0x0000021d7fc18e20 DEOPT UNPACKING pc=0x0000021d08b0d72e sp=0x000000ac7cefebf0 mode 2
Event: 38.385 Thread 0x0000021d7fc18e20 Uncommon trap: trap_request=0xffffff45 fr.pc=0x0000021d1097cf48 relative=0x0000000000000448
Event: 38.385 Thread 0x0000021d7fc18e20 Uncommon trap: reason=unstable_if action=reinterpret pc=0x0000021d1097cf48 method=arc.scene.Element.hit(FFZ)Larc/scene/Element; @ 60 c2
Event: 38.386 Thread 0x0000021d7fc18e20 DEOPT PACKING pc=0x0000021d1097cf48 sp=0x000000ac7cefe790
Event: 38.386 Thread 0x0000021d7fc18e20 DEOPT UNPACKING pc=0x0000021d08b0d72e sp=0x000000ac7cefe698 mode 2

Classes unloaded (2 events):
Event: 6.882 Thread 0x0000021d2e393600 Unloading class 0x00000008010f0800 'rhino/gen/main_js_5'
Event: 6.882 Thread 0x0000021d2e393600 Unloading class 0x00000008010f0000 'rhino/gen/initscript_js_4'

Classes redefined (0 events):
No events

Internal exceptions (20 events):
Event: 11.435 Thread 0x0000021d3f246e20 Exception <a 'java/lang/InterruptedException'{0x000000062108da00}: sleep interrupted> (0x000000062108da00) 
thrown [t:\workspace\open\src\hotspot\share\prims\jvm.cpp, line 3305]
Event: 11.435 Thread 0x0000021d36adaa90 Exception <a 'java/lang/InterruptedException'{0x00000006210aae40}: sleep interrupted> (0x00000006210aae40) 
thrown [t:\workspace\open\src\hotspot\share\prims\jvm.cpp, line 3305]
Event: 11.435 Thread 0x0000021d526d4430 Exception <a 'java/lang/InterruptedException'{0x00000006210b9860}: sleep interrupted> (0x00000006210b9860) 
thrown [t:\workspace\open\src\hotspot\share\prims\jvm.cpp, line 3305]
Event: 11.435 Thread 0x0000021d526d3990 Exception <a 'java/lang/InterruptedException'{0x00000006210c8280}: sleep interrupted> (0x00000006210c8280) 
thrown [t:\workspace\open\src\hotspot\share\prims\jvm.cpp, line 3305]
Event: 11.436 Thread 0x0000021d7fc18e20 Exception <a 'java/io/IOException'{0x00000006210e2180}> (0x00000006210e2180) 
thrown [t:\workspace\open\src\hotspot\share\prims\jni.cpp, line 579]
Event: 11.437 Thread 0x0000021d7fc18e20 Exception <a 'java/io/IOException'{0x00000006210e2490}> (0x00000006210e2490) 
thrown [t:\workspace\open\src\hotspot\share\prims\jni.cpp, line 579]
Event: 11.437 Thread 0x0000021d7fc18e20 Exception <a 'java/io/IOException'{0x000000062110e898}> (0x000000062110e898) 
thrown [t:\workspace\open\src\hotspot\share\prims\jni.cpp, line 579]
Event: 11.437 Thread 0x0000021d7fc18e20 Exception <a 'java/io/IOException'{0x0000000621152138}> (0x0000000621152138) 
thrown [t:\workspace\open\src\hotspot\share\prims\jni.cpp, line 579]
Event: 11.437 Thread 0x0000021d7fc18e20 Exception <a 'java/io/IOException'{0x00000006211553f8}> (0x00000006211553f8) 
thrown [t:\workspace\open\src\hotspot\share\prims\jni.cpp, line 579]
Event: 11.437 Thread 0x0000021d7fc18e20 Exception <a 'java/io/IOException'{0x0000000621155708}> (0x0000000621155708) 
thrown [t:\workspace\open\src\hotspot\share\prims\jni.cpp, line 579]
Event: 11.437 Thread 0x0000021d7fc18e20 Exception <a 'java/io/IOException'{0x00000006211588f8}> (0x00000006211588f8) 
thrown [t:\workspace\open\src\hotspot\share\prims\jni.cpp, line 579]
Event: 11.437 Thread 0x0000021d7fc18e20 Exception <a 'java/io/IOException'{0x0000000621158c08}> (0x0000000621158c08) 
thrown [t:\workspace\open\src\hotspot\share\prims\jni.cpp, line 579]
Event: 11.437 Thread 0x0000021d7fc18e20 Exception <a 'java/io/IOException'{0x000000062115bea8}> (0x000000062115bea8) 
thrown [t:\workspace\open\src\hotspot\share\prims\jni.cpp, line 579]
Event: 11.437 Thread 0x0000021d7fc18e20 Exception <a 'java/io/IOException'{0x000000062115c1b8}> (0x000000062115c1b8) 
thrown [t:\workspace\open\src\hotspot\share\prims\jni.cpp, line 579]
Event: 11.446 Thread 0x0000021d7fc18e20 Exception <a 'java/io/IOException'{0x000000062117ded0}> (0x000000062117ded0) 
thrown [t:\workspace\open\src\hotspot\share\prims\jni.cpp, line 579]
Event: 11.446 Thread 0x0000021d7fc18e20 Exception <a 'java/io/IOException'{0x000000062117e1e0}> (0x000000062117e1e0) 
thrown [t:\workspace\open\src\hotspot\share\prims\jni.cpp, line 579]
Event: 11.466 Thread 0x0000021d7fc18e20 Exception <a 'java/io/IOException'{0x0000000621232f18}> (0x0000000621232f18) 
thrown [t:\workspace\open\src\hotspot\share\prims\jni.cpp, line 579]
Event: 11.466 Thread 0x0000021d7fc18e20 Exception <a 'java/io/IOException'{0x0000000621233228}> (0x0000000621233228) 
thrown [t:\workspace\open\src\hotspot\share\prims\jni.cpp, line 579]
Event: 11.466 Thread 0x0000021d7fc18e20 Implicit null exception at 0x0000021d1087e4c8 to 0x0000021d10880edc
Event: 35.779 Thread 0x0000021d7fc18e20 Exception <a 'java/lang/IncompatibleClassChangeError'{0x00000006213cc8a0}: Found class java.lang.Object, but interface was expected> (0x00000006213cc8a0) 
thrown [t:\workspace\open\src\hotspot\share\interpreter\linkResolver.cpp, line 857]

Events (20 events):
Event: 26.362 Executing  VM operation: Cleanup done
Event: 29.362 Executing  VM operation: Cleanup
Event: 29.362 Executing  VM operation: Cleanup done
Event: 31.362 Executing  VM operation: Cleanup
Event: 31.363 Executing  VM operation: Cleanup done
Event: 32.363 Executing  VM operation: Cleanup
Event: 32.363 Executing  VM operation: Cleanup done
Event: 36.366 Executing  VM operation: Cleanup
Event: 36.366 Executing  VM operation: Cleanup done
Event: 37.366 Executing  VM operation: Cleanup
Event: 37.366 Executing  VM operation: Cleanup done
Event: 37.847 Thread 0x0000021d2f6261a0 Thread added: 0x0000021d2f6261a0
Event: 37.852 Thread 0x0000021d4167c450 Thread added: 0x0000021d4167c450
Event: 37.856 Executing  VM operation: G1CollectForAllocation
Event: 37.872 Executing  VM operation: G1CollectForAllocation done
Event: 37.925 Executing  VM operation: G1Concurrent
Event: 37.931 Executing  VM operation: G1Concurrent done
Event: 37.960 Executing  VM operation: G1Concurrent
Event: 37.960 Executing  VM operation: G1Concurrent done
Event: 38.344 Thread 0x0000021d4167c450 Thread exited: 0x0000021d4167c450


Dynamic libraries:
0x00007ff758a00000 - 0x00007ff758a0e000 	C:\Program Files\Java\jdk-16.0.2\bin\javaw.exe
0x00007ff9375b0000 - 0x00007ff9377a8000 	C:\Windows\SYSTEM32\ntdll.dll
0x00007ff9374b0000 - 0x00007ff93756d000 	C:\Windows\System32\KERNEL32.DLL
0x00007ff934d40000 - 0x00007ff93500e000 	C:\Windows\System32\KERNELBASE.dll
0x00007ff935460000 - 0x00007ff935560000 	C:\Windows\System32\ucrtbase.dll
0x00007ff92f560000 - 0x00007ff92f578000 	C:\Program Files\Java\jdk-16.0.2\bin\jli.dll
0x00007ff92f430000 - 0x00007ff92f449000 	C:\Program Files\Java\jdk-16.0.2\bin\VCRUNTIME140.dll
0x00007ff937240000 - 0x00007ff9373e0000 	C:\Windows\System32\USER32.dll
0x00007ff913380000 - 0x00007ff91361a000 	C:\Windows\WinSxS\amd64_microsoft.windows.common-controls_6595b64144ccf1df_6.0.19041.1110_none_60b5254171f9507e\COMCTL32.dll
0x00007ff9351c0000 - 0x00007ff9351e2000 	C:\Windows\System32\win32u.dll
0x00007ff937060000 - 0x00007ff93708a000 	C:\Windows\System32\GDI32.dll
0x00007ff935700000 - 0x00007ff93579e000 	C:\Windows\System32\msvcrt.dll
0x00007ff9351f0000 - 0x00007ff9352fb000 	C:\Windows\System32\gdi32full.dll
0x00007ff935060000 - 0x00007ff9350fd000 	C:\Windows\System32\msvcp_win.dll
0x00007ff9356c0000 - 0x00007ff9356f0000 	C:\Windows\System32\IMM32.DLL
0x00007ff92c630000 - 0x00007ff92c63c000 	C:\Program Files\Java\jdk-16.0.2\bin\vcruntime140_1.dll
0x00007ff907650000 - 0x00007ff9076e1000 	C:\Program Files\Java\jdk-16.0.2\bin\msvcp140.dll
0x00007ff8e8930000 - 0x00007ff8e94db000 	C:\Program Files\Java\jdk-16.0.2\bin\server\jvm.dll
0x00007ff936780000 - 0x00007ff93682e000 	C:\Windows\System32\ADVAPI32.dll
0x00007ff935880000 - 0x00007ff93591c000 	C:\Windows\System32\sechost.dll
0x00007ff935a00000 - 0x00007ff935b25000 	C:\Windows\System32\RPCRT4.dll
0x00007ff935b30000 - 0x00007ff935b38000 	C:\Windows\System32\PSAPI.DLL
0x00007ff92e360000 - 0x00007ff92e369000 	C:\Windows\SYSTEM32\WSOCK32.dll
0x00007ff92f0c0000 - 0x00007ff92f0ca000 	C:\Windows\SYSTEM32\VERSION.dll
0x00007ff913730000 - 0x00007ff913757000 	C:\Windows\SYSTEM32\WINMM.dll
0x00007ff9373e0000 - 0x00007ff93744b000 	C:\Windows\System32\WS2_32.dll
0x00007ff932b90000 - 0x00007ff932ba2000 	C:\Windows\SYSTEM32\kernel.appcore.dll
0x00007ff92c620000 - 0x00007ff92c62a000 	C:\Program Files\Java\jdk-16.0.2\bin\jimage.dll
0x00007ff92d890000 - 0x00007ff92da74000 	C:\Windows\SYSTEM32\DBGHELP.DLL
0x00007ff92d000000 - 0x00007ff92d02c000 	C:\Windows\SYSTEM32\dbgcore.DLL
0x00007ff935100000 - 0x00007ff935182000 	C:\Windows\System32\bcryptPrimitives.dll
0x00007ff922e10000 - 0x00007ff922e35000 	C:\Program Files\Java\jdk-16.0.2\bin\java.dll
0x00007ff936910000 - 0x00007ff937054000 	C:\Windows\System32\SHELL32.dll
0x00007ff932d90000 - 0x00007ff933524000 	C:\Windows\SYSTEM32\windows.storage.dll
0x00007ff936330000 - 0x00007ff936684000 	C:\Windows\System32\combase.dll
0x00007ff934730000 - 0x00007ff934760000 	C:\Windows\SYSTEM32\Wldp.dll
0x00007ff935610000 - 0x00007ff9356bd000 	C:\Windows\System32\SHCORE.dll
0x00007ff9361b0000 - 0x00007ff936205000 	C:\Windows\System32\shlwapi.dll
0x00007ff934c10000 - 0x00007ff934c2f000 	C:\Windows\SYSTEM32\profapi.dll
0x00007ff92a9a0000 - 0x00007ff92a9b9000 	C:\Program Files\Java\jdk-16.0.2\bin\net.dll
0x00007ff92b9e0000 - 0x00007ff92baea000 	C:\Windows\SYSTEM32\WINHTTP.dll
0x00007ff934440000 - 0x00007ff9344aa000 	C:\Windows\system32\mswsock.dll
0x00007ff91dd90000 - 0x00007ff91dda3000 	C:\Program Files\Java\jdk-16.0.2\bin\nio.dll
0x00007ff91bf30000 - 0x00007ff91bf48000 	C:\Program Files\Java\jdk-16.0.2\bin\zip.dll
0x00007ff934600000 - 0x00007ff934618000 	C:\Windows\SYSTEM32\CRYPTSP.dll
0x00007ff933d60000 - 0x00007ff933d94000 	C:\Windows\system32\rsaenh.dll
0x00007ff935190000 - 0x00007ff9351b7000 	C:\Windows\System32\bcrypt.dll
0x00007ff934bd0000 - 0x00007ff934bfe000 	C:\Windows\SYSTEM32\USERENV.dll
0x00007ff934620000 - 0x00007ff93462c000 	C:\Windows\SYSTEM32\CRYPTBASE.dll
0x00007ff9340f0000 - 0x00007ff93412b000 	C:\Windows\SYSTEM32\IPHLPAPI.DLL
0x00007ff9359f0000 - 0x00007ff9359f8000 	C:\Windows\System32\NSI.dll
0x00007ff92e060000 - 0x00007ff92e077000 	C:\Windows\SYSTEM32\dhcpcsvc6.DLL
0x00007ff92e030000 - 0x00007ff92e04d000 	C:\Windows\SYSTEM32\dhcpcsvc.DLL
0x00007ff934140000 - 0x00007ff93420b000 	C:\Windows\SYSTEM32\DNSAPI.dll
0x0000000058ed0000 - 0x0000000058f98000 	C:\Users\willi\AppData\Local\Temp\arc\5f24d8af\arc64.dll
0x0000000058c50000 - 0x0000000058ecc000 	C:\Users\willi\AppData\Local\Temp\arc\d279e965\sdl-arc64.dll
0x00007ff935b40000 - 0x00007ff935c6a000 	C:\Windows\System32\ole32.dll
0x00007ff935c70000 - 0x00007ff935d3d000 	C:\Windows\System32\OLEAUT32.dll
0x00007ff935d40000 - 0x00007ff9361af000 	C:\Windows\System32\SETUPAPI.dll
0x00007ff935010000 - 0x00007ff93505e000 	C:\Windows\System32\cfgmgr32.dll
0x00007ff8fe0d0000 - 0x00007ff8fe1f7000 	C:\Windows\SYSTEM32\OPENGL32.dll
0x00007ff8fe750000 - 0x00007ff8fe77c000 	C:\Windows\SYSTEM32\GLU32.dll
0x00007ff932660000 - 0x00007ff9326fe000 	C:\Windows\system32\uxtheme.dll
0x00007ff92f330000 - 0x00007ff92f3de000 	C:\Windows\SYSTEM32\mscms.dll
0x00007ff92f2a0000 - 0x00007ff92f2b1000 	C:\Windows\SYSTEM32\ColorAdapterClient.dll
0x00007ff8b2350000 - 0x00007ff8b2393000 	C:\Windows\SYSTEM32\icm32.dll
0x00007ff936210000 - 0x00007ff936325000 	C:\Windows\System32\MSCTF.dll
0x00007ff935920000 - 0x00007ff9359c9000 	C:\Windows\System32\clbcatq.dll
0x00007ff846b90000 - 0x00007ff849870000 	C:\Windows\System32\DriverStore\FileRepository\nvlt.inf_amd64_da683277df6a6d51\nvoglv64.dll
0x00007ff92f0d0000 - 0x00007ff92f0e4000 	C:\Windows\SYSTEM32\WTSAPI32.dll
0x00007ff9348c0000 - 0x00007ff9348d2000 	C:\Windows\SYSTEM32\msasn1.dll
0x00007ff92ddd0000 - 0x00007ff92de01000 	C:\Windows\SYSTEM32\cryptnet.dll
0x00007ff935300000 - 0x00007ff935456000 	C:\Windows\System32\CRYPT32.dll
0x00007ff934aa0000 - 0x00007ff934acc000 	C:\Windows\SYSTEM32\DEVOBJ.dll
0x00007ff934cd0000 - 0x00007ff934d37000 	C:\Windows\System32\WINTRUST.dll
0x00007ff933990000 - 0x00007ff9339c3000 	C:\Windows\SYSTEM32\ntmarta.dll
0x00007ff91d100000 - 0x00007ff91d13b000 	C:\Windows\SYSTEM32\dxcore.dll
0x00007ff9328a0000 - 0x00007ff9328cf000 	C:\Windows\SYSTEM32\dwmapi.dll
0x00007ff934270000 - 0x00007ff9342bb000 	C:\Windows\SYSTEM32\powrprof.dll
0x00007ff9340d0000 - 0x00007ff9340e2000 	C:\Windows\SYSTEM32\UMPDC.dll
0x00007ff933a00000 - 0x00007ff933a5a000 	C:\Windows\SYSTEM32\WINSTA.dll
0x00007ff91c3f0000 - 0x00007ff91c4e9000 	C:\Windows\SYSTEM32\textinputframework.dll
0x00007ff9322a0000 - 0x00007ff932392000 	C:\Windows\System32\CoreMessaging.dll
0x00007ff931f40000 - 0x00007ff93229e000 	C:\Windows\System32\CoreUIComponents.dll
0x00007ff931870000 - 0x00007ff9319c4000 	C:\Windows\SYSTEM32\wintypes.dll
0x00007ff924ee0000 - 0x00007ff924f46000 	C:\Windows\system32\Oleacc.dll
0x00007ff933590000 - 0x00007ff933683000 	C:\Windows\system32\dxgi.dll
0x00007ff930be0000 - 0x00007ff930e43000 	C:\Windows\system32\d3d11.dll
0x00007ff911b80000 - 0x00007ff911c82000 	C:\Windows\System32\DriverStore\FileRepository\nvlt.inf_amd64_da683277df6a6d51\nvldumdx.dll
0x00007ff9359d0000 - 0x00007ff9359ed000 	C:\Windows\System32\imagehlp.dll
0x00007ff8efa20000 - 0x00007ff8f24e1000 	C:\Windows\System32\DriverStore\FileRepository\nvlt.inf_amd64_da683277df6a6d51\nvwgf2umx.dll
0x00007ff92e640000 - 0x00007ff92ed16000 	C:\Windows\SYSTEM32\nvapi64.dll
0x00007ff9193f0000 - 0x00007ff91aa62000 	C:\Windows\System32\DriverStore\FileRepository\iigd_dch.inf_amd64_7d90afac159f566c\igd10iumd64.dll
0x00007ff9347a0000 - 0x00007ff9347c7000 	C:\Windows\SYSTEM32\ncrypt.dll
0x00007ff934760000 - 0x00007ff93479b000 	C:\Windows\SYSTEM32\NTASN1.dll
0x00007ff91ce20000 - 0x00007ff91d05f000 	C:\Windows\System32\DriverStore\FileRepository\iigd_dch.inf_amd64_7d90afac159f566c\igdgmm64.dll
0x00007ff916820000 - 0x00007ff9193e9000 	C:\Windows\System32\DriverStore\FileRepository\iigd_dch.inf_amd64_7d90afac159f566c\igc64.dll
0x00007ff92cbe0000 - 0x00007ff92cc65000 	C:\Windows\System32\MMDevApi.dll
0x00007ff92c960000 - 0x00007ff92cae2000 	C:\Windows\SYSTEM32\AUDIOSES.DLL
0x00007ff9327a0000 - 0x00007ff9327b4000 	C:\Windows\SYSTEM32\resourcepolicyclient.dll
0x0000000066f40000 - 0x0000000066fc4000 	C:\Users\willi\AppData\Local\Temp\liblz4-java-3555371075336552814.so
0x00007ff914270000 - 0x00007ff91427e000 	C:\Program Files\Java\jdk-16.0.2\bin\sunmscapi.dll
0x00007ff912560000 - 0x00007ff912567000 	C:\Windows\system32\wshunix.dll
0x0000000058be0000 - 0x0000000058c47000 	C:\Users\willi\AppData\Local\Temp\arc\955ce679\arc-freetype64.dll
0x00007ff92b270000 - 0x00007ff92b27a000 	C:\Windows\System32\rasadhlp.dll
0x00007ff92b180000 - 0x00007ff92b200000 	C:\Windows\System32\fwpuclnt.dll
0x00007ff913860000 - 0x00007ff91389a000 	C:\Windows\system32\msctfp.dll

dbghelp: loaded successfully - version: 4.0.5 - missing functions: none
symbol engine: initialized successfully - sym options: 0x614 - pdb path: .;C:\Program Files\Java\jdk-16.0.2\bin;C:\Windows\SYSTEM32;C:\Windows\WinSxS\amd64_microsoft.windows.common-controls_6595b64144ccf1df_6.0.19041.1110_none_60b5254171f9507e;C:\Program Files\Java\jdk-16.0.2\bin\server;C:\Users\willi\AppData\Local\Temp\arc\5f24d8af;C:\Users\willi\AppData\Local\Temp\arc\d279e965;C:\Windows\System32\DriverStore\FileRepository\nvlt.inf_amd64_da683277df6a6d51;C:\Windows\System32\DriverStore\FileRepository\iigd_dch.inf_amd64_7d90afac159f566c;C:\Users\willi\AppData\Local\Temp;C:\Users\willi\AppData\Local\Temp\arc\955ce679

VM Arguments:
java_command: C:\Users\willi\AppData\Roaming\Mindustry\be_builds\client-be-22825.jar
java_class_path (initial): C:\Users\willi\AppData\Roaming\Mindustry\be_builds\client-be-22825.jar
Launcher Type: SUN_STANDARD

[Global flags]
     intx CICompilerCount                          = 4                                         {product} {ergonomic}
     uint ConcGCThreads                            = 3                                         {product} {ergonomic}
     uint G1ConcRefinementThreads                  = 10                                        {product} {ergonomic}
   size_t G1HeapRegionSize                         = 4194304                                   {product} {ergonomic}
    uintx GCDrainStackTargetSize                   = 64                                        {product} {ergonomic}
   size_t InitialHeapSize                          = 536870912                                 {product} {ergonomic}
   size_t MarkStackSize                            = 4194304                                   {product} {ergonomic}
   size_t MaxHeapSize                              = 8560574464                                {product} {ergonomic}
   size_t MaxNewSize                               = 5133828096                                {product} {ergonomic}
   size_t MinHeapDeltaBytes                        = 4194304                                   {product} {ergonomic}
   size_t MinHeapSize                              = 8388608                                   {product} {ergonomic}
    uintx NonNMethodCodeHeapSize                   = 5839372                                {pd product} {ergonomic}
    uintx NonProfiledCodeHeapSize                  = 122909434                              {pd product} {ergonomic}
    uintx ProfiledCodeHeapSize                     = 122909434                              {pd product} {ergonomic}
    uintx ReservedCodeCacheSize                    = 251658240                              {pd product} {ergonomic}
     bool SegmentedCodeCache                       = true                                      {product} {ergonomic}
   size_t SoftMaxHeapSize                          = 8560574464                             {manageable} {ergonomic}
     bool UseCompressedClassPointers               = true                           {product lp64_product} {ergonomic}
     bool UseCompressedOops                        = true                           {product lp64_product} {ergonomic}
     bool UseG1GC                                  = true                                      {product} {ergonomic}
     bool UseLargePagesIndividualAllocation        = false                                  {pd product} {ergonomic}

Logging:
Log output configuration:
 #0: stdout all=warning uptime,level,tags
 #1: stderr all=off uptime,level,tags

Environment Variables:
JAVA_HOME=C:\Program Files\Java\jdk-16.0.2
PATH=C:\Program Files\PlasticSCM5\server;C:\Program Files\PlasticSCM5\client;C:\Python39\Scripts\;C:\Python39\;C:\Program Files\Java\jdk-16.0.2\bin;C:\Program Files (x86)\Common Files\Oracle\Java\javapath;C:\Program Files\Eclipse Foundation\jdk-16.0.2.7-hotspot\bin;C:\Windows\system32;C:\Windows;C:\Windows\System32\Wbem;C:\Windows\System32\WindowsPowerShell\v1.0\;C:\Windows\System32\OpenSSH\;C:\ProgramData\chocolatey\bin;C:\Users\willi\AppData\Roaming\nvm;C:\Program Files\nodejs;C:\Program Files\PuTTY\;C:\Program Files\dotnet\;C:\msys64\mingw64\bin;C:\Program Files (x86)\ZeroTier\One\;C:\Users\willi\AppData\Local\Microsoft\WindowsApps;C:\Users\willi\AppData\Local\Programs\Microsoft VS Code\bin;C:\Users\willi\AppData\Roaming\npm;C:\Users\willi\AppData\Roaming\nvm;C:\Program Files\nodejs;C:\Users\willi\AppData\Local\GitHubDesktop\bin;C:\Program Files\heroku\bin;C:\Program Files (x86)\Nmap;C:\Users\willi\.dotnet\tools
USERNAME=willi
OS=Windows_NT
PROCESSOR_IDENTIFIER=Intel64 Family 6 Model 158 Stepping 10, GenuineIntel



---------------  S Y S T E M  ---------------

OS:
 Windows 10 , 64 bit Build 19041 (10.0.19041.1806)
OS uptime: 42 days 19:57 hours
Hyper-V role detected

CPU: total 12 (initial active 12) (6 cores per cpu, 2 threads per core) family 6 model 158 stepping 10 microcode 0xde, cx8, cmov, fxsr, ht, mmx, 3dnowpref, sse, sse2, sse3, ssse3, sse4.1, sse4.2, popcnt, lzcnt, tsc, tscinvbit, avx, avx2, aes, erms, clmul, bmi1, bmi2, adx, fma, vzeroupper, clflush, clflushopt, hv

Memory: 4k page, system-wide physical 32641M (6219M free)
TotalPageFile size 130945M (AvailPageFile size 12M)
current process WorkingSet (physical memory assigned to process): 926M, peak: 930M
current process commit charge ("private bytes"): 1679M, peak: 1687M

vm_info: OpenJDK 64-Bit Server VM (16.0.2+7-67) for windows-amd64 JRE (16.0.2+7-67), built on Jun  8 2021 23:21:43 by "mach5one" with MS VC++ 16.7 (VS2019)

END.
