#
# There is insufficient memory for the Java Runtime Environment to continue.
# Native memory allocation (mmap) failed to map 536870912 bytes for G1 virtual space
# Possible reasons:
#   The system is out of physical RAM or swap space
#   The process is running with CompressedOops enabled, and the Java Heap may be blocking the growth of the native heap
# Possible solutions:
#   Reduce memory load on the system
#   Increase physical memory or swap space
#   Check if swap backing store is full
#   Decrease Java heap size (-Xmx/-Xms)
#   Decrease number of Java threads
#   Decrease Java thread stack sizes (-Xss)
#   Set larger code cache with -XX:ReservedCodeCacheSize=
#   JVM is running with Zero Based Compressed Oops mode in which the Java heap is
#     placed in the first 32GB address space. The Java Heap base address is the
#     maximum limit for the native heap growth. Please use -XX:HeapBaseMinAddress
#     to set the Java Heap base and to place the Java Heap above 32GB virtual address.
# This output file may be truncated or incomplete.
#
#  Out of Memory Error (os_windows.cpp:3466), pid=78264, tid=79564
#
# JRE version:  (16.0.2+7) (build )
# Java VM: OpenJDK 64-Bit Server VM (16.0.2+7-67, mixed mode, sharing, tiered, compressed oops, compressed class ptrs, g1 gc, windows-amd64)
# No core dump will be written. Minidumps are not enabled by default on client versions of Windows
#

---------------  S U M M A R Y ------------

Command Line: C:\Users\willi\AppData\Roaming\Mindustry\be_builds\client-be-22825.jar

Host: Intel(R) Core(TM) i7-8750H CPU @ 2.20GHz, 12 cores, 31G,  Windows 10 , 64 bit Build 19041 (10.0.19041.1806)
Time: Sat Aug 27 21:14:10 2022 AUS Eastern Standard Time elapsed time: 0.009545 seconds (0d 0h 0m 0s)

---------------  T H R E A D  ---------------

Current thread (0x0000022616dbb060):  JavaThread "Unknown thread" [_thread_in_vm, id=79564, stack(0x000000dea7900000,0x000000dea7a00000)]

Stack: [0x000000dea7900000,0x000000dea7a00000]
Native frames: (J=compiled Java code, j=interpreted, Vv=VM code, C=native code)
V  [jvm.dll+0x6681ca]
V  [jvm.dll+0x7c9e69]
V  [jvm.dll+0x7cb61e]
V  [jvm.dll+0x7cbc73]
V  [jvm.dll+0x242c55]
V  [jvm.dll+0x664f89]
V  [jvm.dll+0x659b75]
V  [jvm.dll+0x2fbfbb]
V  [jvm.dll+0x3031b6]
V  [jvm.dll+0x35299e]
V  [jvm.dll+0x352bcf]
V  [jvm.dll+0x2d3028]
V  [jvm.dll+0x2d4264]
V  [jvm.dll+0x79c741]
V  [jvm.dll+0x360791]
V  [jvm.dll+0x77a3f0]
V  [jvm.dll+0x3e4e8f]
V  [jvm.dll+0x3e6961]
C  [jli.dll+0x52fb]
C  [ucrtbase.dll+0x21bb2]
C  [KERNEL32.DLL+0x17034]
C  [ntdll.dll+0x52651]


---------------  P R O C E S S  ---------------

Threads class SMR info:
_java_thread_list=0x00007ff8e943cbb8, length=0, elements={
}

Java Threads: ( => current thread )

Other Threads:
  0x0000022616e31120 GCTaskThread "GC Thread#0" [stack: 0x000000dea7a00000,0x000000dea7b00000] [id=65332]
  0x0000022616e43080 ConcurrentGCThread "G1 Main Marker" [stack: 0x000000dea7b00000,0x000000dea7c00000] [id=78296]
  0x0000022616e44290 ConcurrentGCThread "G1 Conc#0" [stack: 0x000000dea7c00000,0x000000dea7d00000] [id=76820]

[error occurred during error reporting (printing all threads), id 0xc0000005, EXCEPTION_ACCESS_VIOLATION (0xc0000005) at pc=0x00007ff8e8c13ee7]

VM state: not at safepoint (not fully initialized)

VM Mutex/Monitor currently owned by a thread:  ([mutex/lock_event])
[0x0000022616db5c10] Heap_lock - owner thread: 0x0000022616dbb060

Heap address: 0x0000000601c00000, size: 8164 MB, Compressed Oops mode: Zero based, Oop shift amount: 3

CDS archive(s) mapped at: [0x0000000000000000-0x0000000000000000-0x0000000000000000), size 0, SharedBaseAddress: 0x0000000800000000, ArchiveRelocationMode: 0.
Narrow klass base: 0x0000000000000000, Narrow klass shift: 0, Narrow klass range: 0x0

GC Precious Log:
<Empty>

Heap:
 garbage-first heap   total 0K, used 0K [0x0000000601c00000, 0x0000000800000000)
  region size 4096K, 0 young (0K), 0 survivors (0K)

[error occurred during error reporting (printing heap information), id 0xc0000005, EXCEPTION_ACCESS_VIOLATION (0xc0000005) at pc=0x00007ff8e8ff1eed]

GC Heap History (0 events):
No events

Deoptimization events (0 events):
No events

Classes unloaded (0 events):
No events

Classes redefined (0 events):
No events

Internal exceptions (0 events):
No events

Events (1 events):
Event: 0.006 Loaded shared library C:\Program Files\Java\jdk-16.0.2\bin\java.dll


Dynamic libraries:
0x00007ff758a00000 - 0x00007ff758a0e000 	C:\Program Files\Java\jdk-16.0.2\bin\javaw.exe
0x00007ff9375b0000 - 0x00007ff9377a8000 	C:\Windows\SYSTEM32\ntdll.dll
0x00007ff9374b0000 - 0x00007ff93756d000 	C:\Windows\System32\KERNEL32.DLL
0x00007ff934d40000 - 0x00007ff93500e000 	C:\Windows\System32\KERNELBASE.dll
0x00007ff935460000 - 0x00007ff935560000 	C:\Windows\System32\ucrtbase.dll
0x00007ff92f560000 - 0x00007ff92f578000 	C:\Program Files\Java\jdk-16.0.2\bin\jli.dll
0x00007ff92f430000 - 0x00007ff92f449000 	C:\Program Files\Java\jdk-16.0.2\bin\VCRUNTIME140.dll
0x00007ff937240000 - 0x00007ff9373e0000 	C:\Windows\System32\USER32.dll
0x00007ff913380000 - 0x00007ff91361a000 	C:\Windows\WinSxS\amd64_microsoft.windows.common-controls_6595b64144ccf1df_6.0.19041.1110_none_60b5254171f9507e\COMCTL32.dll
0x00007ff9351c0000 - 0x00007ff9351e2000 	C:\Windows\System32\win32u.dll
0x00007ff935700000 - 0x00007ff93579e000 	C:\Windows\System32\msvcrt.dll
0x00007ff937060000 - 0x00007ff93708a000 	C:\Windows\System32\GDI32.dll
0x00007ff9351f0000 - 0x00007ff9352fb000 	C:\Windows\System32\gdi32full.dll
0x00007ff935060000 - 0x00007ff9350fd000 	C:\Windows\System32\msvcp_win.dll
0x00007ff9356c0000 - 0x00007ff9356f0000 	C:\Windows\System32\IMM32.DLL
0x00007ff92c630000 - 0x00007ff92c63c000 	C:\Program Files\Java\jdk-16.0.2\bin\vcruntime140_1.dll
0x00007ff907650000 - 0x00007ff9076e1000 	C:\Program Files\Java\jdk-16.0.2\bin\msvcp140.dll
0x00007ff8e8930000 - 0x00007ff8e94db000 	C:\Program Files\Java\jdk-16.0.2\bin\server\jvm.dll
0x00007ff936780000 - 0x00007ff93682e000 	C:\Windows\System32\ADVAPI32.dll
0x00007ff935880000 - 0x00007ff93591c000 	C:\Windows\System32\sechost.dll
0x00007ff935a00000 - 0x00007ff935b25000 	C:\Windows\System32\RPCRT4.dll
0x00007ff935b30000 - 0x00007ff935b38000 	C:\Windows\System32\PSAPI.DLL
0x00007ff92e360000 - 0x00007ff92e369000 	C:\Windows\SYSTEM32\WSOCK32.dll
0x00007ff913730000 - 0x00007ff913757000 	C:\Windows\SYSTEM32\WINMM.dll
0x00007ff92f0c0000 - 0x00007ff92f0ca000 	C:\Windows\SYSTEM32\VERSION.dll
0x00007ff9373e0000 - 0x00007ff93744b000 	C:\Windows\System32\WS2_32.dll
0x00007ff932b90000 - 0x00007ff932ba2000 	C:\Windows\SYSTEM32\kernel.appcore.dll
0x00007ff92c620000 - 0x00007ff92c62a000 	C:\Program Files\Java\jdk-16.0.2\bin\jimage.dll
0x00007ff92d890000 - 0x00007ff92da74000 	C:\Windows\SYSTEM32\DBGHELP.DLL
0x00007ff92d000000 - 0x00007ff92d02c000 	C:\Windows\SYSTEM32\dbgcore.DLL
0x00007ff935100000 - 0x00007ff935182000 	C:\Windows\System32\bcryptPrimitives.dll
0x00007ff922e10000 - 0x00007ff922e35000 	C:\Program Files\Java\jdk-16.0.2\bin\java.dll

dbghelp: loaded successfully - version: 4.0.5 - missing functions: none
symbol engine: initialized successfully - sym options: 0x614 - pdb path: .;C:\Program Files\Java\jdk-16.0.2\bin;C:\Windows\SYSTEM32;C:\Windows\WinSxS\amd64_microsoft.windows.common-controls_6595b64144ccf1df_6.0.19041.1110_none_60b5254171f9507e;C:\Program Files\Java\jdk-16.0.2\bin\server

VM Arguments:
java_command: C:\Users\willi\AppData\Roaming\Mindustry\be_builds\client-be-22825.jar
java_class_path (initial): C:\Users\willi\AppData\Roaming\Mindustry\be_builds\client-be-22825.jar
Launcher Type: SUN_STANDARD

[Global flags]
     intx CICompilerCount                          = 4                                         {product} {ergonomic}
     uint ConcGCThreads                            = 3                                         {product} {ergonomic}
     uint G1ConcRefinementThreads                  = 10                                        {product} {ergonomic}
   size_t G1HeapRegionSize                         = 4194304                                   {product} {ergonomic}
    uintx GCDrainStackTargetSize                   = 64                                        {product} {ergonomic}
   size_t InitialHeapSize                          = 536870912                                 {product} {ergonomic}
   size_t MarkStackSize                            = 4194304                                   {product} {ergonomic}
   size_t MaxHeapSize                              = 8560574464                                {product} {ergonomic}
   size_t MinHeapDeltaBytes                        = 4194304                                   {product} {ergonomic}
   size_t MinHeapSize                              = 8388608                                   {product} {ergonomic}
    uintx NonNMethodCodeHeapSize                   = 5839372                                {pd product} {ergonomic}
    uintx NonProfiledCodeHeapSize                  = 122909434                              {pd product} {ergonomic}
    uintx ProfiledCodeHeapSize                     = 122909434                              {pd product} {ergonomic}
    uintx ReservedCodeCacheSize                    = 251658240                              {pd product} {ergonomic}
     bool SegmentedCodeCache                       = true                                      {product} {ergonomic}
   size_t SoftMaxHeapSize                          = 8560574464                             {manageable} {ergonomic}
     bool UseCompressedClassPointers               = true                           {product lp64_product} {ergonomic}
     bool UseCompressedOops                        = true                           {product lp64_product} {ergonomic}
     bool UseG1GC                                  = true                                      {product} {ergonomic}
     bool UseLargePagesIndividualAllocation        = false                                  {pd product} {ergonomic}

Logging:
Log output configuration:
 #0: stdout all=warning uptime,level,tags
 #1: stderr all=off uptime,level,tags

Environment Variables:
JAVA_HOME=C:\Program Files\Java\jdk-16.0.2
PATH=C:\Program Files\PlasticSCM5\server;C:\Program Files\PlasticSCM5\client;C:\Python39\Scripts\;C:\Python39\;C:\Program Files\Java\jdk-16.0.2\bin;C:\Program Files (x86)\Common Files\Oracle\Java\javapath;C:\Program Files\Eclipse Foundation\jdk-16.0.2.7-hotspot\bin;C:\Windows\system32;C:\Windows;C:\Windows\System32\Wbem;C:\Windows\System32\WindowsPowerShell\v1.0\;C:\Windows\System32\OpenSSH\;C:\ProgramData\chocolatey\bin;C:\Users\willi\AppData\Roaming\nvm;C:\Program Files\nodejs;C:\Program Files\PuTTY\;C:\Program Files\dotnet\;C:\msys64\mingw64\bin;C:\Program Files (x86)\ZeroTier\One\;C:\Users\willi\AppData\Local\Microsoft\WindowsApps;C:\Users\willi\AppData\Local\Programs\Microsoft VS Code\bin;C:\Users\willi\AppData\Roaming\npm;C:\Users\willi\AppData\Roaming\nvm;C:\Program Files\nodejs;C:\Users\willi\AppData\Local\GitHubDesktop\bin;C:\Program Files\heroku\bin;C:\Program Files (x86)\Nmap;C:\Users\willi\.dotnet\tools
USERNAME=willi
OS=Windows_NT
PROCESSOR_IDENTIFIER=Intel64 Family 6 Model 158 Stepping 10, GenuineIntel



---------------  S Y S T E M  ---------------

OS:
 Windows 10 , 64 bit Build 19041 (10.0.19041.1806)
OS uptime: 42 days 20:22 hours
Hyper-V role detected

CPU: total 12 (initial active 12) (6 cores per cpu, 2 threads per core) family 6 model 158 stepping 10 microcode 0xde, cx8, cmov, fxsr, ht, mmx, 3dnowpref, sse, sse2, sse3, ssse3, sse4.1, sse4.2, popcnt, lzcnt, tsc, tscinvbit, avx, avx2, aes, erms, clmul, bmi1, bmi2, adx, fma, vzeroupper, clflush, clflushopt, hv

Memory: 4k page, system-wide physical 32641M (6723M free)
TotalPageFile size 130945M (AvailPageFile size 343M)
current process WorkingSet (physical memory assigned to process): 10M, peak: 10M
current process commit charge ("private bytes"): 64M, peak: 576M

vm_info: OpenJDK 64-Bit Server VM (16.0.2+7-67) for windows-amd64 JRE (16.0.2+7-67), built on Jun  8 2021 23:21:43 by "mach5one" with MS VC++ 16.7 (VS2019)

END.
